<?xml version="1.0" encoding="UTF-8"?>
<!-- Generated by org.testng.reporters.JUnitXMLReporter -->
<testsuite ignored="0" hostname="lin33001588" failures="2" tests="4" name="Test" time="52.135" errors="0" timestamp="2022-06-05T14:19:13 IST">
  <testcase classname="com.kite.qa.TestCases.HomePageTest" name="LoginPageTitleTest" time="2.018">
    <failure type="junit.framework.ComparisonFailure" message="expected:&amp;lt;...a...&amp;gt; but was:&amp;lt;......&amp;gt;">
      <![CDATA[junit.framework.ComparisonFailure: expected:<...a...> but was:<......>
at junit.framework.Assert.assertEquals(Assert.java:81)
at junit.framework.Assert.assertEquals(Assert.java:87)
at com.kite.qa.TestCases.HomePageTest.LoginPageTitleTest(HomePageTest.java:36)
at java.base/java.util.ArrayList.forEach(ArrayList.java:1511)
... Removed 25 stack frames]]>
    </failure>
  </testcase> <!-- LoginPageTitleTest -->
  <testcase classname="com.kite.qa.TestCases.LoginPageTest" name="loginTest" time="8.218"/>
  <testcase classname="com.kite.qa.TestCases.LoginPageTest" name="HomePageTitleTest" time="2.014">
    <failure type="junit.framework.ComparisonFailure" message="expected:&amp;lt;K...&amp;gt; but was:&amp;lt;...&amp;gt;">
      <![CDATA[junit.framework.ComparisonFailure: expected:<K...> but was:<...>
at junit.framework.Assert.assertEquals(Assert.java:81)
at junit.framework.Assert.assertEquals(Assert.java:87)
at com.kite.qa.TestCases.LoginPageTest.HomePageTitleTest(LoginPageTest.java:31)
at java.base/java.util.ArrayList.forEach(ArrayList.java:1511)
... Removed 25 stack frames]]>
    </failure>
  </testcase> <!-- HomePageTitleTest -->
  <testcase classname="com.kite.qa.TestCases.LoginPageTest" name="KiteUserID" time="9.251"/>
</testsuite> <!-- Test -->
